C:\Program Files\Microsoft Visual Studio\2022\Community\MSBuild\Microsoft\VC\v170\Microsoft.CppBuild.targets(531,5): warning MSB8028: 中间目录(.\Debug\)包含从另一个项目(SmartGis.vcxproj, Smt3DBaseLib.vcxproj, Smt3DGeoCore.vcxproj, Smt3DMathLib.vcxproj, Smt3DMdLib.vcxproj, Smt3DPointCloud.vcxproj, Smt3DTerrain.vcxproj, SmtAdoCore.vcxproj, SmtAM3DModelCreater.vcxproj, SmtAMBAOGridCreater.vcxproj, SmtAMDemCreater.vcxproj, SmtAMMapServiceMgr.vcxproj, SmtAMMapPrint.vcxproj, SmtAMMapProject.vcxproj, SmtAppCore.vcxproj, SmtAuxModule.vcxproj, SmtBAOrthGrid.vcxproj, SmtBaseLib.vcxproj, SmtCgiWrapper.vcxproj, SmtConsoleMapServer.vcxproj, SmtCore.vcxproj, SmtD3DRenderDevice.vcxproj, SmtDemCore.vcxproj, SmtGdiRenderDevice.vcxproj, SmtGdiSimpleRenderDevice.vcxproj, SmtGeoCore.vcxproj, SmtGisCore.vcxproj, SmtGisPrj.vcxproj, SmtGLRenderDevice.vcxproj, SmtGroupToolCore.vcxproj, SmtGuiCore.vcxproj, SmtMapClient.vcxproj, SmtMapServerDevice111.vcxproj, SmtMapServerDeviceMgr.vcxproj, SmtMapServer.vcxproj, SmtMapService.vcxproj, SmtMathLib.vcxproj, SmtMFCExCore.vcxproj, SmtNetCore.vcxproj, SmtRender.vcxproj, SmtSDEAdoDevice.vcxproj, SmtSDEDeviceMgr.vcxproj, SmtSDEMemDevice.vcxproj, SmtSDESmfDevice.vcxproj, SmtSDEWSDevice.vcxproj, SmtStaCore.vcxproj, SmtStaDiagram.vcxproj, SmtSysCore.vcxproj, SmtTinMesh.vcxproj, SmtToolCore.vcxproj, SmtWinServiceMapServer.vcxproj, SmtXAMBoxCore.vcxproj, SmtXCatalogCore.vcxproj, SmtXViewCore.vcxproj)共享的文件。   这会导致错误的清除和重新生成行为。
cl : 命令行  warning D9035: “Gm”选项已否决，并将在将来的版本中移除
  rd3d_videobuffer.cpp
D:\Dev\src\ccl\smartgis\branches\SmartGis.1.1.vs08\src\Smt3DRenderer\rd3d_3drenderdefs.h(18,10): error C1083: 无法打开包括文件: “smt_core.h”: No such file or directory
  (编译源文件“../src/Smt3DRenderer/rd3d_videobuffer.cpp”)
  
  rd3d_texturemanager.cpp
D:\Dev\src\ccl\smartgis\branches\SmartGis.1.1.vs08\src\Smt3DRenderer\rd3d_3drenderdefs.h(18,10): error C1083: 无法打开包括文件: “smt_core.h”: No such file or directory
  (编译源文件“../src/Smt3DRenderer/rd3d_texturemanager.cpp”)
  
  rd3d_texture.cpp
D:\Dev\src\ccl\smartgis\branches\SmartGis.1.1.vs08\src\Smt3DRenderer\rd3d_3drenderdefs.h(18,10): error C1083: 无法打开包括文件: “smt_core.h”: No such file or directory
  (编译源文件“../src/Smt3DRenderer/rd3d_texture.cpp”)
  
  rd3d_statesmanager.cpp
D:\Dev\src\ccl\smartgis\branches\SmartGis.1.1.vs08\src\Smt3DRenderer\rd3d_3drenderdefs.h(18,10): error C1083: 无法打开包括文件: “smt_core.h”: No such file or directory
  (编译源文件“../src/Smt3DRenderer/rd3d_statesmanager.cpp”)
  
  rd3d_shadermanager.cpp
D:\Dev\src\ccl\smartgis\branches\SmartGis.1.1.vs08\src\Smt3DRenderer\rd3d_3drenderdefs.h(18,10): error C1083: 无法打开包括文件: “smt_core.h”: No such file or directory
  (编译源文件“../src/Smt3DRenderer/rd3d_shadermanager.cpp”)
  
  rd3d_shader.cpp
D:\Dev\src\ccl\smartgis\branches\SmartGis.1.1.vs08\src\Smt3DRenderer\rd3d_3drenderdefs.h(18,10): error C1083: 无法打开包括文件: “smt_core.h”: No such file or directory
  (编译源文件“../src/Smt3DRenderer/rd3d_shader.cpp”)
  
  rd3d_programmanager.cpp
D:\Dev\src\ccl\smartgis\branches\SmartGis.1.1.vs08\src\Smt3DRenderer\rd3d_3drenderdefs.h(18,10): error C1083: 无法打开包括文件: “smt_core.h”: No such file or directory
  (编译源文件“../src/Smt3DRenderer/rd3d_programmanager.cpp”)
  
  rd3d_program.cpp
D:\Dev\src\ccl\smartgis\branches\SmartGis.1.1.vs08\src\Smt3DRenderer\rd3d_3drenderdefs.h(18,10): error C1083: 无法打开包括文件: “smt_core.h”: No such file or directory
  (编译源文件“../src/Smt3DRenderer/rd3d_program.cpp”)
  
  rd3d_perspcamera.cpp
D:\Dev\src\ccl\smartgis\branches\SmartGis.1.1.vs08\src\Smt3DRenderer\rd3d_3drenderdefs.h(18,10): error C1083: 无法打开包括文件: “smt_core.h”: No such file or directory
  (编译源文件“../src/Smt3DRenderer/rd3d_perspcamera.cpp”)
  
  rd3d_orthcamera.cpp
D:\Dev\src\ccl\smartgis\branches\SmartGis.1.1.vs08\src\Smt3DRenderer\rd3d_3drenderdefs.h(18,10): error C1083: 无法打开包括文件: “smt_core.h”: No such file or directory
  (编译源文件“../src/Smt3DRenderer/rd3d_orthcamera.cpp”)
  
  rd3d_light.cpp
D:\Dev\src\ccl\smartgis\branches\SmartGis.1.1.vs08\src\Smt3DRenderer\rd3d_3drenderdefs.h(18,10): error C1083: 无法打开包括文件: “smt_core.h”: No such file or directory
  (编译源文件“../src/Smt3DRenderer/rd3d_light.cpp”)
  
  rd3d_frustum.cpp
D:\Dev\src\ccl\smartgis\branches\SmartGis.1.1.vs08\src\Smt3DRenderer\rd3d_3drenderdefs.h(18,10): error C1083: 无法打开包括文件: “smt_core.h”: No such file or directory
  (编译源文件“../src/Smt3DRenderer/rd3d_frustum.cpp”)
  
  rd3d_framebuffer.cpp
D:\Dev\src\ccl\smartgis\branches\SmartGis.1.1.vs08\src\Smt3DRenderer\rd3d_3drenderdefs.h(18,10): error C1083: 无法打开包括文件: “smt_core.h”: No such file or directory
  (编译源文件“../src/Smt3DRenderer/rd3d_framebuffer.cpp”)
  
  rd3d_fpscamera.cpp
D:\Dev\src\ccl\smartgis\branches\SmartGis.1.1.vs08\src\Smt3DRenderer\rd3d_3drenderdefs.h(18,10): error C1083: 无法打开包括文件: “smt_core.h”: No such file or directory
  (编译源文件“../src/Smt3DRenderer/rd3d_fpscamera.cpp”)
  
  rd3d_combinedcamera.cpp
D:\Dev\src\ccl\smartgis\branches\SmartGis.1.1.vs08\src\Smt3DRenderer\rd3d_3drenderdefs.h(18,10): error C1083: 无法打开包括文件: “smt_core.h”: No such file or directory
  (编译源文件“../src/Smt3DRenderer/rd3d_combinedcamera.cpp”)
  
  rd3d_color.cpp
D:\Dev\src\ccl\smartgis\branches\SmartGis.1.1.vs08\src\Smt3DRenderer\rd3d_3drenderdefs.h(18,10): error C1083: 无法打开包括文件: “smt_core.h”: No such file or directory
  (编译源文件“../src/Smt3DRenderer/rd3d_color.cpp”)
  
  rd3d_camera.cpp
D:\Dev\src\ccl\smartgis\branches\SmartGis.1.1.vs08\src\Smt3DRenderer\rd3d_3drenderdefs.h(18,10): error C1083: 无法打开包括文件: “smt_core.h”: No such file or directory
  (编译源文件“../src/Smt3DRenderer/rd3d_camera.cpp”)
  
  rd3d_arbvcamera.cpp
D:\Dev\src\ccl\smartgis\branches\SmartGis.1.1.vs08\src\Smt3DRenderer\rd3d_3drenderdefs.h(18,10): error C1083: 无法打开包括文件: “smt_core.h”: No such file or directory
  (编译源文件“../src/Smt3DRenderer/rd3d_arbvcamera.cpp”)
  
  rd3d_3drenderer.cpp
D:\Dev\src\ccl\smartgis\branches\SmartGis.1.1.vs08\src\Smt3DRenderer\rd3d_3drenderdefs.h(18,10): error C1083: 无法打开包括文件: “smt_core.h”: No such file or directory
  (编译源文件“../src/Smt3DRenderer/rd3d_3drenderer.cpp”)
  
  rd3d_3dmaterial.cpp
D:\Dev\src\ccl\smartgis\branches\SmartGis.1.1.vs08\src\Smt3DRenderer\rd3d_3drenderdefs.h(18,10): error C1083: 无法打开包括文件: “smt_core.h”: No such file or directory
  (编译源文件“../src/Smt3DRenderer/rd3d_3dmaterial.cpp”)
  
  正在生成代码...
