C:\Program Files\Microsoft Visual Studio\2022\Community\MSBuild\Microsoft\VC\v170\Microsoft.CppBuild.targets(531,5): warning MSB8028: 中间目录(Debug\)包含从另一个项目(SmartGis.vcxproj, Smt3DBaseLib.vcxproj, Smt3DGeoCore.vcxproj, Smt3DMathLib.vcxproj, Smt3DMdLib.vcxproj, Smt3DPointCloud.vcxproj, Smt3DRenderer.vcxproj, Smt3DTerrain.vcxproj, SmtAdoCore.vcxproj, SmtAM3DModelCreater.vcxproj, SmtAMBAOGridCreater.vcxproj, SmtAMDemCreater.vcxproj, SmtAMMapServiceMgr.vcxproj, SmtAMMapPrint.vcxproj, SmtAMMapProject.vcxproj, SmtAppCore.vcxproj, SmtAuxModule.vcxproj, SmtBaseLib.vcxproj, SmtCgiWrapper.vcxproj, SmtConsoleMapServer.vcxproj, SmtCore.vcxproj, SmtD3DRenderDevice.vcxproj, SmtDemCore.vcxproj, SmtGdiRenderDevice.vcxproj, SmtGdiSimpleRenderDevice.vcxproj, SmtGeoCore.vcxproj, SmtGisCore.vcxproj, SmtGisPrj.vcxproj, SmtGLRenderDevice.vcxproj, SmtGroupToolCore.vcxproj, SmtGuiCore.vcxproj, SmtMapClient.vcxproj, SmtMapServerDevice111.vcxproj, SmtMapServerDeviceMgr.vcxproj, SmtMapServer.vcxproj, SmtMapService.vcxproj, SmtMathLib.vcxproj, SmtMFCExCore.vcxproj, SmtNetCore.vcxproj, SmtRender.vcxproj, SmtSDEAdoDevice.vcxproj, SmtSDEDeviceMgr.vcxproj, SmtSDEMemDevice.vcxproj, SmtSDESmfDevice.vcxproj, SmtSDEWSDevice.vcxproj, SmtStaCore.vcxproj, SmtStaDiagram.vcxproj, SmtSysCore.vcxproj, SmtTinMesh.vcxproj, SmtToolCore.vcxproj, SmtWinServiceMapServer.vcxproj, SmtXAMBoxCore.vcxproj, SmtXCatalogCore.vcxproj, SmtXViewCore.vcxproj)共享的文件。   这会导致错误的清除和重新生成行为。
cl : 命令行  warning D9035: “Gm”选项已否决，并将在将来的版本中移除
  baog_region.cpp
D:\Dev\src\ccl\smartgis\branches\SmartGis.1.1.vs08\src\SmtBAOrthGrid\baog_bas_struct.h(4,10): error C1083: 无法打开包括文件: “smt_bas_struct.h”: No such file or directory
  (编译源文件“../src/SmtBAOrthGrid/baog_region.cpp”)
  
  baog_baorthgrid_modify.cpp
D:\Dev\src\ccl\smartgis\branches\SmartGis.1.1.vs08\src\SmtBAOrthGrid\baog_bas_struct.h(4,10): error C1083: 无法打开包括文件: “smt_bas_struct.h”: No such file or directory
  (编译源文件“../src/SmtBAOrthGrid/baog_baorthgrid_modify.cpp”)
  
  baog_baorthgrid_create.cpp
D:\Dev\src\ccl\smartgis\branches\SmartGis.1.1.vs08\src\SmtBAOrthGrid\baog_baorthgrid_create.cpp : error C1041: 无法打开程序数据库“D:\Dev\src\ccl\smartgis\branches\SmartGis.1.1.vs08\vs2008\Debug\vc143.pdb”；如果要将多个 CL.EXE 写入同一个 .PDB 文件，请使用 /FS
  baog_baorthgrid_calpq_w.cpp
D:\Dev\src\ccl\smartgis\branches\SmartGis.1.1.vs08\src\SmtBAOrthGrid\baog_baorthgrid_calpq_w.cpp : error C1041: 无法打开程序数据库“D:\Dev\src\ccl\smartgis\branches\SmartGis.1.1.vs08\vs2008\Debug\vc143.pdb”；如果要将多个 CL.EXE 写入同一个 .PDB 文件，请使用 /FS
  baog_baorthgrid_calpq_voj.cpp
D:\Dev\src\ccl\smartgis\branches\SmartGis.1.1.vs08\src\SmtBAOrthGrid\baog_baorthgrid_calpq_voj.cpp : error C1041: 无法打开程序数据库“D:\Dev\src\ccl\smartgis\branches\SmartGis.1.1.vs08\vs2008\Debug\vc143.pdb”；如果要将多个 CL.EXE 写入同一个 .PDB 文件，请使用 /FS
  baog_baorthgrid_calpq_ttm.cpp
D:\Dev\src\ccl\smartgis\branches\SmartGis.1.1.vs08\src\SmtBAOrthGrid\baog_baorthgrid_calpq_ttm.cpp : error C1041: 无法打开程序数据库“D:\Dev\src\ccl\smartgis\branches\SmartGis.1.1.vs08\vs2008\Debug\vc143.pdb”；如果要将多个 CL.EXE 写入同一个 .PDB 文件，请使用 /FS
  baog_baorthgrid_calpq_sl.cpp
D:\Dev\src\ccl\smartgis\branches\SmartGis.1.1.vs08\src\SmtBAOrthGrid\baog_baorthgrid_calpq_sl.cpp : error C1041: 无法打开程序数据库“D:\Dev\src\ccl\smartgis\branches\SmartGis.1.1.vs08\vs2008\Debug\vc143.pdb”；如果要将多个 CL.EXE 写入同一个 .PDB 文件，请使用 /FS
  baog_baorthgrid.cpp
D:\Dev\src\ccl\smartgis\branches\SmartGis.1.1.vs08\src\SmtBAOrthGrid\baog_baorthgrid.cpp : error C1041: 无法打开程序数据库“D:\Dev\src\ccl\smartgis\branches\SmartGis.1.1.vs08\vs2008\Debug\vc143.pdb”；如果要将多个 CL.EXE 写入同一个 .PDB 文件，请使用 /FS
  baog_api.cpp
D:\Dev\src\ccl\smartgis\branches\SmartGis.1.1.vs08\src\SmtBAOrthGrid\baog_api.cpp : error C1041: 无法打开程序数据库“D:\Dev\src\ccl\smartgis\branches\SmartGis.1.1.vs08\vs2008\Debug\vc143.pdb”；如果要将多个 CL.EXE 写入同一个 .PDB 文件，请使用 /FS
  正在生成代码...
cl : 命令行  warning D9028: 最小重新生成失败，正在转换为标准生成
