C:\Program Files\Microsoft Visual Studio\2022\Community\MSBuild\Microsoft\VC\v170\Microsoft.CppBuild.targets(531,5): warning MSB8028: 中间目录(.\Debug\)包含从另一个项目(SmartGis.vcxproj, Smt3DBaseLib.vcxproj, Smt3DGeoCore.vcxproj, Smt3DMathLib.vcxproj, Smt3DMdLib.vcxproj, Smt3DPointCloud.vcxproj, Smt3DRenderer.vcxproj, Smt3DTerrain.vcxproj, SmtAdoCore.vcxproj, SmtAM3DModelCreater.vcxproj, SmtAMBAOGridCreater.vcxproj, SmtAMDemCreater.vcxproj, SmtAMMapServiceMgr.vcxproj, SmtAMMapPrint.vcxproj, SmtAMMapProject.vcxproj, SmtAppCore.vcxproj, SmtAuxModule.vcxproj, SmtBAOrthGrid.vcxproj, SmtBaseLib.vcxproj, SmtCgiWrapper.vcxproj, SmtConsoleMapServer.vcxproj, SmtCore.vcxproj, SmtD3DRenderDevice.vcxproj, SmtDemCore.vcxproj, SmtGdiRenderDevice.vcxproj, SmtGdiSimpleRenderDevice.vcxproj, SmtGisCore.vcxproj, SmtGisPrj.vcxproj, SmtGLRenderDevice.vcxproj, SmtGroupToolCore.vcxproj, SmtGuiCore.vcxproj, SmtMapClient.vcxproj, SmtMapServerDevice111.vcxproj, SmtMapServerDeviceMgr.vcxproj, SmtMapServer.vcxproj, SmtMapService.vcxproj, SmtMathLib.vcxproj, SmtMFCExCore.vcxproj, SmtNetCore.vcxproj, SmtRender.vcxproj, SmtSDEAdoDevice.vcxproj, SmtSDEDeviceMgr.vcxproj, SmtSDEMemDevice.vcxproj, SmtSDESmfDevice.vcxproj, SmtSDEWSDevice.vcxproj, SmtStaCore.vcxproj, SmtStaDiagram.vcxproj, SmtSysCore.vcxproj, SmtTinMesh.vcxproj, SmtToolCore.vcxproj, SmtWinServiceMapServer.vcxproj, SmtXAMBoxCore.vcxproj, SmtXCatalogCore.vcxproj, SmtXViewCore.vcxproj)共享的文件。   这会导致错误的清除和重新生成行为。
cl : 命令行  warning D9035: “Gm”选项已否决，并将在将来的版本中移除
  geo_tin.cpp
D:\Dev\src\ccl\smartgis\branches\SmartGis.1.1.vs08\src\SmtGeoCore\geo_tin.cpp : error C1041: 无法打开程序数据库“D:\Dev\src\ccl\smartgis\branches\SmartGis.1.1.vs08\vs2008\Debug\vc143.pdb”；如果要将多个 CL.EXE 写入同一个 .PDB 文件，请使用 /FS
  geo_spline.cpp
D:\Dev\src\ccl\smartgis\branches\SmartGis.1.1.vs08\src\SmtGeoCore\geo_spline.cpp : error C1041: 无法打开程序数据库“D:\Dev\src\ccl\smartgis\branches\SmartGis.1.1.vs08\vs2008\Debug\vc143.pdb”；如果要将多个 CL.EXE 写入同一个 .PDB 文件，请使用 /FS
  geo_polygon.cpp
D:\Dev\src\ccl\smartgis\branches\SmartGis.1.1.vs08\src\SmtGeoCore\geo_polygon.cpp : error C1041: 无法打开程序数据库“D:\Dev\src\ccl\smartgis\branches\SmartGis.1.1.vs08\vs2008\Debug\vc143.pdb”；如果要将多个 CL.EXE 写入同一个 .PDB 文件，请使用 /FS
  geo_point.cpp
D:\Dev\src\ccl\smartgis\branches\SmartGis.1.1.vs08\src\SmtGeoCore\geo_api.h(17,10): error C1083: 无法打开包括文件: “smt_bas_struct.h”: No such file or directory
  (编译源文件“../src/SmtGeoCore/geo_point.cpp”)
  
  geo_multipolygon.cpp
D:\Dev\src\ccl\smartgis\branches\SmartGis.1.1.vs08\src\SmtGeoCore\geo_geometry.h(4,10): error C1083: 无法打开包括文件: “smt_bas_struct.h”: No such file or directory
  (编译源文件“../src/SmtGeoCore/geo_multipolygon.cpp”)
  
  geo_multipoint.cpp
D:\Dev\src\ccl\smartgis\branches\SmartGis.1.1.vs08\src\SmtGeoCore\geo_geometry.h(4,10): error C1083: 无法打开包括文件: “smt_bas_struct.h”: No such file or directory
  (编译源文件“../src/SmtGeoCore/geo_multipoint.cpp”)
  
  geo_multilinestring.cpp
D:\Dev\src\ccl\smartgis\branches\SmartGis.1.1.vs08\src\SmtGeoCore\geo_geometry.h(4,10): error C1083: 无法打开包括文件: “smt_bas_struct.h”: No such file or directory
  (编译源文件“../src/SmtGeoCore/geo_multilinestring.cpp”)
  
  geo_linestring.cpp
D:\Dev\src\ccl\smartgis\branches\SmartGis.1.1.vs08\src\SmtGeoCore\geo_geometry.h(4,10): error C1083: 无法打开包括文件: “smt_bas_struct.h”: No such file or directory
  (编译源文件“../src/SmtGeoCore/geo_linestring.cpp”)
  
  geo_linearring.cpp
D:\Dev\src\ccl\smartgis\branches\SmartGis.1.1.vs08\src\SmtGeoCore\geo_geometry.h(4,10): error C1083: 无法打开包括文件: “smt_bas_struct.h”: No such file or directory
  (编译源文件“../src/SmtGeoCore/geo_linearring.cpp”)
  
  geo_grid.cpp
D:\Dev\src\ccl\smartgis\branches\SmartGis.1.1.vs08\src\SmtGeoCore\geo_geometry.h(4,10): error C1083: 无法打开包括文件: “smt_bas_struct.h”: No such file or directory
  (编译源文件“../src/SmtGeoCore/geo_grid.cpp”)
  
  geo_geometrycollection.cpp
D:\Dev\src\ccl\smartgis\branches\SmartGis.1.1.vs08\src\SmtGeoCore\geo_geometry.h(4,10): error C1083: 无法打开包括文件: “smt_bas_struct.h”: No such file or directory
  (编译源文件“../src/SmtGeoCore/geo_geometrycollection.cpp”)
  
  geo_geometry.cpp
D:\Dev\src\ccl\smartgis\branches\SmartGis.1.1.vs08\src\SmtGeoCore\geo_geometry.h(4,10): error C1083: 无法打开包括文件: “smt_bas_struct.h”: No such file or directory
  (编译源文件“../src/SmtGeoCore/geo_geometry.cpp”)
  
  geo_fan.cpp
D:\Dev\src\ccl\smartgis\branches\SmartGis.1.1.vs08\src\SmtGeoCore\geo_fan.cpp(3,10): error C1083: 无法打开包括文件: “smt_api.h”: No such file or directory
  geo_curve.cpp
D:\Dev\src\ccl\smartgis\branches\SmartGis.1.1.vs08\src\SmtGeoCore\geo_geometry.h(4,10): error C1083: 无法打开包括文件: “smt_bas_struct.h”: No such file or directory
  (编译源文件“../src/SmtGeoCore/geo_curve.cpp”)
  
  geo_arc.cpp
D:\Dev\src\ccl\smartgis\branches\SmartGis.1.1.vs08\src\SmtGeoCore\geo_geometry.h(4,10): error C1083: 无法打开包括文件: “smt_bas_struct.h”: No such file or directory
  (编译源文件“../src/SmtGeoCore/geo_arc.cpp”)
  
  geo_api.cpp
D:\Dev\src\ccl\smartgis\branches\SmartGis.1.1.vs08\src\SmtGeoCore\geo_api.h(17,10): error C1083: 无法打开包括文件: “smt_bas_struct.h”: No such file or directory
  (编译源文件“../src/SmtGeoCore/geo_api.cpp”)
  
  正在生成代码...
