C:\Program Files\Microsoft Visual Studio\2022\Community\MSBuild\Microsoft\VC\v170\Microsoft.CppBuild.targets(531,5): warning MSB8028: 中间目录(.\Debug\)包含从另一个项目(SmartGis.vcxproj, Smt3DBaseLib.vcxproj, Smt3DGeoCore.vcxproj, Smt3DMathLib.vcxproj, Smt3DMdLib.vcxproj, Smt3DPointCloud.vcxproj, Smt3DRenderer.vcxproj, Smt3DTerrain.vcxproj, SmtAdoCore.vcxproj, SmtAM3DModelCreater.vcxproj, SmtAMBAOGridCreater.vcxproj, SmtAMDemCreater.vcxproj, SmtAMMapServiceMgr.vcxproj, SmtAMMapPrint.vcxproj, SmtAMMapProject.vcxproj, SmtAppCore.vcxproj, SmtAuxModule.vcxproj, SmtBAOrthGrid.vcxproj, SmtBaseLib.vcxproj, SmtCgiWrapper.vcxproj, SmtConsoleMapServer.vcxproj, SmtCore.vcxproj, SmtD3DRenderDevice.vcxproj, SmtDemCore.vcxproj, SmtGdiRenderDevice.vcxproj, SmtGdiSimpleRenderDevice.vcxproj, SmtGeoCore.vcxproj, SmtGisPrj.vcxproj, SmtGLRenderDevice.vcxproj, SmtGroupToolCore.vcxproj, SmtGuiCore.vcxproj, SmtMapClient.vcxproj, SmtMapServerDevice111.vcxproj, SmtMapServerDeviceMgr.vcxproj, SmtMapServer.vcxproj, SmtMapService.vcxproj, SmtMathLib.vcxproj, SmtMFCExCore.vcxproj, SmtNetCore.vcxproj, SmtRender.vcxproj, SmtSDEAdoDevice.vcxproj, SmtSDEDeviceMgr.vcxproj, SmtSDEMemDevice.vcxproj, SmtSDESmfDevice.vcxproj, SmtSDEWSDevice.vcxproj, SmtStaCore.vcxproj, SmtStaDiagram.vcxproj, SmtSysCore.vcxproj, SmtTinMesh.vcxproj, SmtToolCore.vcxproj, SmtWinServiceMapServer.vcxproj, SmtXAMBoxCore.vcxproj, SmtXCatalogCore.vcxproj, SmtXViewCore.vcxproj)共享的文件。   这会导致错误的清除和重新生成行为。
cl : 命令行  warning D9035: “Gm”选项已否决，并将在将来的版本中移除
  gis_map.cpp
D:\Dev\src\ccl\smartgis\branches\SmartGis.1.1.vs08\src\SmtGisCore\gis_feature.h(17,10): error C1083: 无法打开包括文件: “smt_core.h”: No such file or directory
  (编译源文件“../src/SmtGisCore/gis_map.cpp”)
  
  gis_field.cpp
D:\Dev\src\ccl\smartgis\branches\SmartGis.1.1.vs08\src\SmtGisCore\gis_attribute.h(17,10): error C1083: 无法打开包括文件: “smt_core.h”: No such file or directory
  (编译源文件“../src/SmtGisCore/gis_field.cpp”)
  
  gis_feature.cpp
D:\Dev\src\ccl\smartgis\branches\SmartGis.1.1.vs08\src\SmtGisCore\gis_feature.h(17,10): error C1083: 无法打开包括文件: “smt_core.h”: No such file or directory
  (编译源文件“../src/SmtGisCore/gis_feature.cpp”)
  
  gis_attribute.cpp
D:\Dev\src\ccl\smartgis\branches\SmartGis.1.1.vs08\src\SmtGisCore\gis_attribute.h(17,10): error C1083: 无法打开包括文件: “smt_core.h”: No such file or directory
  (编译源文件“../src/SmtGisCore/gis_attribute.cpp”)
  
  gis_api.cpp
D:\Dev\src\ccl\smartgis\branches\SmartGis.1.1.vs08\src\SmtGisCore\gis_api.h(17,10): error C1083: 无法打开包括文件: “smt_core.h”: No such file or directory
  (编译源文件“../src/SmtGisCore/gis_api.cpp”)
  
  gis_3dfeature.cpp
D:\Dev\src\ccl\smartgis\branches\SmartGis.1.1.vs08\src\SmtGisCore\gis_3dfeature.h(17,10): error C1083: 无法打开包括文件: “smt_core.h”: No such file or directory
  (编译源文件“../src/SmtGisCore/gis_3dfeature.cpp”)
  
  正在生成代码...
