C:\Program Files\Microsoft Visual Studio\2022\Community\MSBuild\Microsoft\VC\v170\Microsoft.CppBuild.targets(531,5): warning MSB8028: 中间目录(.\Debug\)包含从另一个项目(SmartGis.vcxproj, Smt3DBaseLib.vcxproj, Smt3DGeoCore.vcxproj, Smt3DMathLib.vcxproj, Smt3DMdLib.vcxproj, Smt3DPointCloud.vcxproj, Smt3DRenderer.vcxproj, Smt3DTerrain.vcxproj, SmtAdoCore.vcxproj, SmtAM3DModelCreater.vcxproj, SmtAMBAOGridCreater.vcxproj, SmtAMDemCreater.vcxproj, SmtAMMapServiceMgr.vcxproj, SmtAMMapPrint.vcxproj, SmtAMMapProject.vcxproj, SmtAppCore.vcxproj, SmtAuxModule.vcxproj, SmtBAOrthGrid.vcxproj, SmtBaseLib.vcxproj, SmtCgiWrapper.vcxproj, SmtConsoleMapServer.vcxproj, SmtCore.vcxproj, SmtD3DRenderDevice.vcxproj, SmtDemCore.vcxproj, SmtGdiRenderDevice.vcxproj, SmtGdiSimpleRenderDevice.vcxproj, SmtGeoCore.vcxproj, SmtGisCore.vcxproj, SmtGisPrj.vcxproj, SmtGLRenderDevice.vcxproj, SmtGroupToolCore.vcxproj, SmtGuiCore.vcxproj, SmtMapClient.vcxproj, SmtMapServerDevice111.vcxproj, SmtMapServerDeviceMgr.vcxproj, SmtMapServer.vcxproj, SmtMapService.vcxproj, SmtMathLib.vcxproj, SmtNetCore.vcxproj, SmtRender.vcxproj, SmtSDEAdoDevice.vcxproj, SmtSDEDeviceMgr.vcxproj, SmtSDEMemDevice.vcxproj, SmtSDESmfDevice.vcxproj, SmtSDEWSDevice.vcxproj, SmtStaCore.vcxproj, SmtStaDiagram.vcxproj, SmtSysCore.vcxproj, SmtTinMesh.vcxproj, SmtToolCore.vcxproj, SmtWinServiceMapServer.vcxproj, SmtXAMBoxCore.vcxproj, SmtXCatalogCore.vcxproj, SmtXViewCore.vcxproj)共享的文件。   这会导致错误的清除和重新生成行为。
cl : 命令行  warning D9035: “Gm”选项已否决，并将在将来的版本中移除
  TabbedWndDockBar.cpp
D:\Dev\src\ccl\smartgis\branches\SmartGis.1.1.vs08\src\SmtMFCExCore\TabbedWndDockBar.cpp(2,10): error C1083: 无法打开预编译头文件: “.\Debug\SmtMFCExCore.pch”: No such file or directory
  stdafx.cpp
D:\Dev\src\ccl\smartgis\branches\SmartGis.1.1.vs08\src\SmtMFCExCore\stdafx.cpp(5,10): error C1083: 无法打开预编译头文件: “.\Debug\SmtMFCExCore.pch”: No such file or directory
  StackedWndDockBar.cpp
D:\Dev\src\ccl\smartgis\branches\SmartGis.1.1.vs08\src\SmtMFCExCore\StackedWndDockBar.cpp(1,10): error C1083: 无法打开预编译头文件: “.\Debug\SmtMFCExCore.pch”: No such file or directory
  SmtMFCExCore.cpp
D:\Dev\src\ccl\smartgis\branches\SmartGis.1.1.vs08\src\SmtMFCExCore\SmtMFCExCore.cpp(4,10): error C1083: 无法打开预编译头文件: “.\Debug\SmtMFCExCore.pch”: No such file or directory
  TitleTip.cpp
D:\Dev\src\ccl\smartgis\branches\SmartGis.1.1.vs08\src\SmtMFCExCore\gridctrl\TitleTip.cpp(35,10): error C1083: 无法打开预编译头文件: “.\Debug\SmtMFCExCore.pch”: No such file or directory
  InPlaceList.cpp
D:\Dev\src\ccl\smartgis\branches\SmartGis.1.1.vs08\src\SmtMFCExCore\gridctrl\InPlaceList.cpp(33,10): error C1083: 无法打开预编译头文件: “.\Debug\SmtMFCExCore.pch”: No such file or directory
  InPlaceEdit.cpp
D:\Dev\src\ccl\smartgis\branches\SmartGis.1.1.vs08\src\SmtMFCExCore\gridctrl\InPlaceEdit.cpp(46,10): error C1083: 无法打开预编译头文件: “.\Debug\SmtMFCExCore.pch”: No such file or directory
  GridURLCell.cpp
D:\Dev\src\ccl\smartgis\branches\SmartGis.1.1.vs08\src\SmtMFCExCore\gridctrl\GridURLCell.cpp(5,10): error C1083: 无法打开预编译头文件: “.\Debug\SmtMFCExCore.pch”: No such file or directory
  GridDropTarget.cpp
D:\Dev\src\ccl\smartgis\branches\SmartGis.1.1.vs08\src\SmtMFCExCore\gridctrl\GridDropTarget.cpp(28,10): error C1083: 无法打开预编译头文件: “.\Debug\SmtMFCExCore.pch”: No such file or directory
  GridCtrl.cpp
D:\Dev\src\ccl\smartgis\branches\SmartGis.1.1.vs08\src\SmtMFCExCore\gridctrl\GridCtrl.cpp(113,10): error C1083: 无法打开预编译头文件: “.\Debug\SmtMFCExCore.pch”: No such file or directory
  GridCellNumeric.cpp
D:\Dev\src\ccl\smartgis\branches\SmartGis.1.1.vs08\src\SmtMFCExCore\gridctrl\GridCellNumeric.cpp(7,10): error C1083: 无法打开预编译头文件: “.\Debug\SmtMFCExCore.pch”: No such file or directory
  GridCellDateTime.cpp
D:\Dev\src\ccl\smartgis\branches\SmartGis.1.1.vs08\src\SmtMFCExCore\gridctrl\GridCellDateTime.cpp(16,10): error C1083: 无法打开预编译头文件: “.\Debug\SmtMFCExCore.pch”: No such file or directory
  GridCellCombo.cpp
D:\Dev\src\ccl\smartgis\branches\SmartGis.1.1.vs08\src\SmtMFCExCore\gridctrl\GridCellCombo.cpp(36,10): error C1083: 无法打开预编译头文件: “.\Debug\SmtMFCExCore.pch”: No such file or directory
  GridCellCheck.cpp
D:\Dev\src\ccl\smartgis\branches\SmartGis.1.1.vs08\src\SmtMFCExCore\gridctrl\GridCellCheck.cpp(33,10): error C1083: 无法打开预编译头文件: “.\Debug\SmtMFCExCore.pch”: No such file or directory
  GridCellBase.cpp
D:\Dev\src\ccl\smartgis\branches\SmartGis.1.1.vs08\src\SmtMFCExCore\gridctrl\GridCellBase.cpp(44,10): error C1083: 无法打开预编译头文件: “.\Debug\SmtMFCExCore.pch”: No such file or directory
  GridCell.cpp
D:\Dev\src\ccl\smartgis\branches\SmartGis.1.1.vs08\src\SmtMFCExCore\gridctrl\GridCell.cpp(33,10): error C1083: 无法打开预编译头文件: “.\Debug\SmtMFCExCore.pch”: No such file or directory
D:\Dev\src\ccl\smartgis\branches\SmartGis.1.1.vs08\src\SmtMFCExCore\gridctrl\GridBtnCellCombo.cpp(6,10): error C1083: 无法打开预编译头文件: “.\Debug\SmtMFCExCore.pch”: No such file or directory
  GridBtnCellCombo.cpp
  GridBtnCellBase.cpp
D:\Dev\src\ccl\smartgis\branches\SmartGis.1.1.vs08\src\SmtMFCExCore\gridctrl\GridBtnCellBase.cpp(6,10): error C1083: 无法打开预编译头文件: “.\Debug\SmtMFCExCore.pch”: No such file or directory
  GridBtnCell.cpp
D:\Dev\src\ccl\smartgis\branches\SmartGis.1.1.vs08\src\SmtMFCExCore\gridctrl\GridBtnCell.cpp(6,10): error C1083: 无法打开预编译头文件: “.\Debug\SmtMFCExCore.pch”: No such file or directory
  BtnDataBase.cpp
D:\Dev\src\ccl\smartgis\branches\SmartGis.1.1.vs08\src\SmtMFCExCore\gridctrl\BtnDataBase.cpp(6,10): error C1083: 无法打开预编译头文件: “.\Debug\SmtMFCExCore.pch”: No such file or directory
  正在生成代码...
  正在编译...
  Container.cpp
D:\Dev\src\ccl\smartgis\branches\SmartGis.1.1.vs08\src\SmtMFCExCore\Container.cpp(4,10): error C1083: 无法打开预编译头文件: “.\Debug\SmtMFCExCore.pch”: No such file or directory
  正在生成代码...
cl : 命令行  warning D9028: 最小重新生成失败，正在转换为标准生成
