C:\Program Files\Microsoft Visual Studio\2022\Community\MSBuild\Microsoft\VC\v170\Microsoft.CppBuild.targets(531,5): warning MSB8028: 中间目录(Debug\)包含从另一个项目(SmartGis.vcxproj, Smt3DBaseLib.vcxproj, Smt3DGeoCore.vcxproj, Smt3DMathLib.vcxproj, Smt3DMdLib.vcxproj, Smt3DPointCloud.vcxproj, Smt3DRenderer.vcxproj, Smt3DTerrain.vcxproj, SmtAdoCore.vcxproj, SmtAM3DModelCreater.vcxproj, SmtAMBAOGridCreater.vcxproj, SmtAMDemCreater.vcxproj, SmtAMMapServiceMgr.vcxproj, SmtAMMapPrint.vcxproj, SmtAMMapProject.vcxproj, SmtAppCore.vcxproj, SmtAuxModule.vcxproj, SmtBAOrthGrid.vcxproj, SmtBaseLib.vcxproj, SmtCgiWrapper.vcxproj, SmtConsoleMapServer.vcxproj, SmtCore.vcxproj, SmtD3DRenderDevice.vcxproj, SmtDemCore.vcxproj, SmtGdiRenderDevice.vcxproj, SmtGdiSimpleRenderDevice.vcxproj, SmtGeoCore.vcxproj, SmtGisCore.vcxproj, SmtGisPrj.vcxproj, SmtGLRenderDevice.vcxproj, SmtGroupToolCore.vcxproj, SmtGuiCore.vcxproj, SmtMapClient.vcxproj, SmtMapServerDevice111.vcxproj, SmtMapServerDeviceMgr.vcxproj, SmtMapServer.vcxproj, SmtMapService.vcxproj, SmtMathLib.vcxproj, SmtMFCExCore.vcxproj, SmtNetCore.vcxproj, SmtRender.vcxproj, SmtSDEAdoDevice.vcxproj, SmtSDEDeviceMgr.vcxproj, SmtSDEMemDevice.vcxproj, SmtSDESmfDevice.vcxproj, SmtSDEWSDevice.vcxproj, SmtStaCore.vcxproj, SmtStaDiagram.vcxproj, SmtSysCore.vcxproj, SmtTinMesh.vcxproj, SmtToolCore.vcxproj, SmtWinServiceMapServer.vcxproj, SmtXAMBoxCore.vcxproj, SmtXViewCore.vcxproj)共享的文件。   这会导致错误的清除和重新生成行为。
cl : 命令行  warning D9035: “Gm”选项已否决，并将在将来的版本中移除
  stdafx.cpp
D:\Dev\src\ccl\smartgis\branches\SmartGis.1.1.vs08\src\SmtXCatalogCore\stdafx.cpp(5,10): error C1083: 无法打开预编译头文件: “Debug\SmtXCatalogCore.pch”: No such file or directory
  SmtXCatalogCore.cpp
D:\Dev\src\ccl\smartgis\branches\SmartGis.1.1.vs08\src\SmtXCatalogCore\SmtXCatalogCore.cpp(4,10): error C1083: 无法打开预编译头文件: “Debug\SmtXCatalogCore.pch”: No such file or directory
  DlgSelLayer.cpp
D:\Dev\src\ccl\smartgis\branches\SmartGis.1.1.vs08\src\SmtXCatalogCore\DlgSelLayer.cpp(4,10): error C1083: 无法打开预编译头文件: “Debug\SmtXCatalogCore.pch”: No such file or directory
  DLgSelFcls.cpp
D:\Dev\src\ccl\smartgis\branches\SmartGis.1.1.vs08\src\SmtXCatalogCore\DLgSelFcls.cpp(4,10): error C1083: 无法打开预编译头文件: “Debug\SmtXCatalogCore.pch”: No such file or directory
  DlgSelDS.cpp
D:\Dev\src\ccl\smartgis\branches\SmartGis.1.1.vs08\src\SmtXCatalogCore\DlgSelDS.cpp(4,10): error C1083: 无法打开预编译头文件: “Debug\SmtXCatalogCore.pch”: No such file or directory
  DlgCreateMapService.cpp
D:\Dev\src\ccl\smartgis\branches\SmartGis.1.1.vs08\src\SmtXCatalogCore\DlgCreateMapService.cpp(4,10): error C1083: 无法打开预编译头文件: “Debug\SmtXCatalogCore.pch”: No such file or directory
  DlgCreateMap.cpp
D:\Dev\src\ccl\smartgis\branches\SmartGis.1.1.vs08\src\SmtXCatalogCore\DlgCreateMap.cpp(4,10): error C1083: 无法打开预编译头文件: “Debug\SmtXCatalogCore.pch”: No such file or directory
  DlgCreateLayer.cpp
D:\Dev\src\ccl\smartgis\branches\SmartGis.1.1.vs08\src\SmtXCatalogCore\DlgCreateLayer.cpp(4,10): error C1083: 无法打开预编译头文件: “Debug\SmtXCatalogCore.pch”: No such file or directory
  DlgCreateDS.cpp
D:\Dev\src\ccl\smartgis\branches\SmartGis.1.1.vs08\src\SmtXCatalogCore\DlgCreateDS.cpp(4,10): error C1083: 无法打开预编译头文件: “Debug\SmtXCatalogCore.pch”: No such file or directory
  cata_xcatalog.cpp
D:\Dev\src\ccl\smartgis\branches\SmartGis.1.1.vs08\src\SmtXCatalogCore\cata_xcatalog.cpp(4,10): error C1083: 无法打开预编译头文件: “Debug\SmtXCatalogCore.pch”: No such file or directory
  cata_scenemgr.cpp
D:\Dev\src\ccl\smartgis\branches\SmartGis.1.1.vs08\src\SmtXCatalogCore\cata_scenemgr.cpp(1,10): error C1083: 无法打开预编译头文件: “Debug\SmtXCatalogCore.pch”: No such file or directory
  cata_mapservicexcatalog.cpp
D:\Dev\src\ccl\smartgis\branches\SmartGis.1.1.vs08\src\SmtXCatalogCore\cata_mapservicexcatalog.cpp(4,10): error C1083: 无法打开预编译头文件: “Debug\SmtXCatalogCore.pch”: No such file or directory
  cata_mapservicemgr.cpp
D:\Dev\src\ccl\smartgis\branches\SmartGis.1.1.vs08\src\SmtXCatalogCore\cata_mapservicemgr.cpp(1,10): error C1083: 无法打开预编译头文件: “Debug\SmtXCatalogCore.pch”: No such file or directory
  cata_mapmgr.cpp
D:\Dev\src\ccl\smartgis\branches\SmartGis.1.1.vs08\src\SmtXCatalogCore\cata_mapmgr.cpp(1,10): error C1083: 无法打开预编译头文件: “Debug\SmtXCatalogCore.pch”: No such file or directory
  cata_mapdocxcatalog.cpp
D:\Dev\src\ccl\smartgis\branches\SmartGis.1.1.vs08\src\SmtXCatalogCore\cata_mapdocxcatalog.cpp(4,10): error C1083: 无法打开预编译头文件: “Debug\SmtXCatalogCore.pch”: No such file or directory
  cata_dsxcatalog.cpp
D:\Dev\src\ccl\smartgis\branches\SmartGis.1.1.vs08\src\SmtXCatalogCore\cata_dsxcatalog.cpp(4,10): error C1083: 无法打开预编译头文件: “Debug\SmtXCatalogCore.pch”: No such file or directory
  cata_api.cpp
D:\Dev\src\ccl\smartgis\branches\SmartGis.1.1.vs08\src\SmtXCatalogCore\cata_api.cpp(1,10): error C1083: 无法打开预编译头文件: “Debug\SmtXCatalogCore.pch”: No such file or directory
  cata_3dobjxcatalog.cpp
D:\Dev\src\ccl\smartgis\branches\SmartGis.1.1.vs08\src\SmtXCatalogCore\cata_3dobjxcatalog.cpp(4,10): error C1083: 无法打开预编译头文件: “Debug\SmtXCatalogCore.pch”: No such file or directory
  正在生成代码...
cl : 命令行  warning D9028: 最小重新生成失败，正在转换为标准生成
